<?xml version="1.0" encoding="UTF-8"?>
<testng-results skipped="0" failed="0" total="2" passed="2">
  <reporter-output>
  </reporter-output>
  <suite name="Default suite" duration-ms="40531" started-at="2019-05-14T07:12:56Z" finished-at="2019-05-14T07:13:37Z">
    <groups>
    </groups>
    <test name="Default test" duration-ms="40531" started-at="2019-05-14T07:12:56Z" finished-at="2019-05-14T07:13:37Z">
      <class name="TESTCASES.LoginGoogleTest">
        <test-method status="PASS" signature="setUp()[pri:0, instance:TESTCASES.LoginGoogleTest@57829d67]" name="setUp" is-config="true" duration-ms="25376" started-at="2019-05-14T08:12:56Z" finished-at="2019-05-14T08:13:22Z">
          <reporter-output>
          </reporter-output>
        </test-method> <!-- setUp -->
        <test-method status="PASS" signature="isElementPresent()[pri:0, instance:TESTCASES.LoginGoogleTest@57829d67]" name="isElementPresent" duration-ms="598" started-at="2019-05-14T08:13:22Z" finished-at="2019-05-14T08:13:22Z">
          <reporter-output>
          </reporter-output>
        </test-method> <!-- isElementPresent -->
        <test-method status="PASS" signature="tearDown()[pri:0, instance:TESTCASES.LoginGoogleTest@57829d67]" name="tearDown" is-config="true" duration-ms="2654" started-at="2019-05-14T08:13:22Z" finished-at="2019-05-14T08:13:25Z">
          <reporter-output>
          </reporter-output>
        </test-method> <!-- tearDown -->
        <test-method status="PASS" signature="setUp()[pri:0, instance:TESTCASES.LoginGoogleTest@57829d67]" name="setUp" is-config="true" duration-ms="11021" started-at="2019-05-14T08:13:25Z" finished-at="2019-05-14T08:13:36Z">
          <reporter-output>
          </reporter-output>
        </test-method> <!-- setUp -->
        <test-method status="PASS" signature="signInTextTest()[pri:0, instance:TESTCASES.LoginGoogleTest@57829d67]" name="signInTextTest" duration-ms="134" started-at="2019-05-14T08:13:36Z" finished-at="2019-05-14T08:13:36Z">
          <reporter-output>
          </reporter-output>
        </test-method> <!-- signInTextTest -->
        <test-method status="PASS" signature="tearDown()[pri:0, instance:TESTCASES.LoginGoogleTest@57829d67]" name="tearDown" is-config="true" duration-ms="729" started-at="2019-05-14T08:13:36Z" finished-at="2019-05-14T08:13:37Z">
          <reporter-output>
          </reporter-output>
        </test-method> <!-- tearDown -->
      </class> <!-- TESTCASES.LoginGoogleTest -->
    </test> <!-- Default test -->
  </suite> <!-- Default suite -->
</testng-results>
