<?xml version="1.0" encoding="UTF-8"?>
<testng-results skipped="0" failed="0" total="2" passed="2">
  <reporter-output>
  </reporter-output>
  <suite name="Default suite" duration-ms="27716" started-at="2019-05-14T16:14:44Z" finished-at="2019-05-14T16:15:12Z">
    <groups>
    </groups>
    <test name="Default test" duration-ms="27716" started-at="2019-05-14T16:14:44Z" finished-at="2019-05-14T16:15:12Z">
      <class name="TESTCASES.LoginGoogleTest">
        <test-method status="PASS" signature="setUp()[pri:0, instance:TESTCASES.LoginGoogleTest@27d415d9]" name="setUp" is-config="true" duration-ms="10366" started-at="2019-05-14T17:14:44Z" finished-at="2019-05-14T17:14:54Z">
          <reporter-output>
          </reporter-output>
        </test-method> <!-- setUp -->
        <test-method status="PASS" signature="isElementPresent()[pri:0, instance:TESTCASES.LoginGoogleTest@27d415d9]" name="isElementPresent" duration-ms="5374" started-at="2019-05-14T17:14:54Z" finished-at="2019-05-14T17:15:00Z">
          <reporter-output>
          </reporter-output>
        </test-method> <!-- isElementPresent -->
        <test-method status="PASS" signature="tearDown()[pri:0, instance:TESTCASES.LoginGoogleTest@27d415d9]" name="tearDown" is-config="true" duration-ms="1336" started-at="2019-05-14T17:15:00Z" finished-at="2019-05-14T17:15:01Z">
          <reporter-output>
          </reporter-output>
        </test-method> <!-- tearDown -->
        <test-method status="PASS" signature="setUp()[pri:0, instance:TESTCASES.LoginGoogleTest@27d415d9]" name="setUp" is-config="true" duration-ms="9645" started-at="2019-05-14T17:15:01Z" finished-at="2019-05-14T17:15:11Z">
          <reporter-output>
          </reporter-output>
        </test-method> <!-- setUp -->
        <test-method status="PASS" signature="signInTextTest()[pri:0, instance:TESTCASES.LoginGoogleTest@27d415d9]" name="signInTextTest" duration-ms="142" started-at="2019-05-14T17:15:11Z" finished-at="2019-05-14T17:15:11Z">
          <reporter-output>
          </reporter-output>
        </test-method> <!-- signInTextTest -->
        <test-method status="PASS" signature="tearDown()[pri:0, instance:TESTCASES.LoginGoogleTest@27d415d9]" name="tearDown" is-config="true" duration-ms="839" started-at="2019-05-14T17:15:11Z" finished-at="2019-05-14T17:15:12Z">
          <reporter-output>
          </reporter-output>
        </test-method> <!-- tearDown -->
      </class> <!-- TESTCASES.LoginGoogleTest -->
    </test> <!-- Default test -->
  </suite> <!-- Default suite -->
</testng-results>
